c:\users\qiuliangsong\documents\武汉理工20210531\第二学期\encryptpng\cpp\decryptpng\debug\vc142.pdb
c:\users\qiuliangsong\documents\武汉理工20210531\第二学期\encryptpng\cpp\decryptpng\debug\vc142.idb
c:\users\qiuliangsong\documents\武汉理工20210531\第二学期\encryptpng\cpp\decryptpng\debug\main.obj
c:\users\qiuliangsong\documents\武汉理工20210531\第二学期\encryptpng\cpp\decryptpng\debug\decrypt.obj
c:\users\qiuliangsong\documents\武汉理工20210531\第二学期\encryptpng\cpp\decryptpng\debug\aes.obj
c:\users\qiuliangsong\documents\武汉理工20210531\第二学期\encryptpng\cpp\debug\decryptpng.exe
c:\users\qiuliangsong\documents\武汉理工20210531\第二学期\encryptpng\cpp\decryptpng\debug\decryptpng.ilk
c:\users\qiuliangsong\documents\武汉理工20210531\第二学期\encryptpng\cpp\debug\decryptpng.pdb
d:\workspace_test\encryptpng\cpp\decryptpng\debug\aes.obj
d:\workspace_test\encryptpng\cpp\decryptpng\debug\decrypt.obj
d:\workspace_test\encryptpng\cpp\decryptpng\debug\main.obj
d:\workspace_test\encryptpng\cpp\decryptpng\debug\decryptpng.ilk
d:\workspace_test\encryptpng\cpp\decryptpng\debug\vc142.idb
d:\workspace_test\encryptpng\cpp\decryptpng\debug\vc142.pdb
d:\workspace_test\encryptpng\cpp\debug\decryptpng.pdb
d:\workspace_test\encryptpng\cpp\debug\decryptpng.exe
d:\workspace_test\encryptpng\cpp\decryptpng\debug\decryptpng.tlog\cl.command.1.tlog
d:\workspace_test\encryptpng\cpp\decryptpng\debug\decryptpng.tlog\cl.read.1.tlog
d:\workspace_test\encryptpng\cpp\decryptpng\debug\decryptpng.tlog\cl.write.1.tlog
d:\workspace_test\encryptpng\cpp\decryptpng\debug\decryptpng.tlog\link.command.1.tlog
d:\workspace_test\encryptpng\cpp\decryptpng\debug\decryptpng.tlog\link.read.1.tlog
d:\workspace_test\encryptpng\cpp\decryptpng\debug\decryptpng.tlog\link.write.1.tlog
